Using pre-set license
Built from '2020.3/staging' branch; Version is '2020.3.0f1 (c7b5465681fb) revision 13088070'; Using compiler version '192528614'; Build Type 'Release'
OS: 'Windows 10 Home; OS build 19042.1288; Version 2009; 64bit' Language: 'tr' Physical Memory: 16343 MB
BatchMode: 1, IsHumanControllingUs: 0, StartBugReporterOnCrash: 0, Is64bit: 1, IsPro: 0

 COMMAND LINE ARGUMENTS:
C:\Program Files\Unity\Hub\Editor\2020.3.0f1\Editor\Unity.exe
-adb2
-batchMode
-noUpm
-name
AssetImportWorker0
-projectPath
C:/Users/kenan/Documents/Portal Drop/Portal-Drop/Portal Drop
-logFile
Logs/AssetImportWorker0.log
-srvPort
58910
Successfully changed project path to: C:/Users/kenan/Documents/Portal Drop/Portal-Drop/Portal Drop
C:/Users/kenan/Documents/Portal Drop/Portal-Drop/Portal Drop
Using Asset Import Pipeline V2.
Refreshing native plugins compatible for Editor in 193.89 ms, found 1 plugins.
Preloading 0 native plugins for Editor in 0.00 ms.
Initialize engine version: 2020.3.0f1 (c7b5465681fb)
[Subsystems] Discovering subsystems at path C:/Program Files/Unity/Hub/Editor/2020.3.0f1/Editor/Data/Resources/UnitySubsystems
[Subsystems] Discovering subsystems at path C:/Users/kenan/Documents/Portal Drop/Portal-Drop/Portal Drop/Assets
GfxDevice: creating device client; threaded=0
Direct3D:
    Version:  Direct3D 11.0 [level 11.1]
    Renderer: NVIDIA GeForce GTX 1050 Ti (ID=0x1c82)
    Vendor:   
    VRAM:     4018 MB
    Driver:   30.0.14.7212
Shader 'Universal Render Pipeline/Particles/Lit': fallback shader 'Universal Render Pipeline/Particles/SimpleLit' not found
Initialize mono
Mono path[0] = 'C:/Program Files/Unity/Hub/Editor/2020.3.0f1/Editor/Data/Managed'
Mono path[1] = 'C:/Program Files/Unity/Hub/Editor/2020.3.0f1/Editor/Data/MonoBleedingEdge/lib/mono/unityjit'
Mono config path = 'C:/Program Files/Unity/Hub/Editor/2020.3.0f1/Editor/Data/MonoBleedingEdge/etc'
Using monoOptions --debugger-agent=transport=dt_socket,embedding=1,server=y,suspend=n,address=127.0.0.1:56460
Begin MonoManager ReloadAssembly
Registering precompiled unity dll's ...
Register platform support module: C:/Program Files/Unity/Hub/Editor/2020.3.0f1/Editor/Data/PlaybackEngines/WindowsStandaloneSupport/UnityEditor.WindowsStandalone.Extensions.dll
Registered in 0.003037 seconds.
Native extension for WindowsStandalone target not found
Refreshing native plugins compatible for Editor in 61.69 ms, found 1 plugins.
Preloading 0 native plugins for Editor in 0.00 ms.
Invoked RoslynAnalysisRunner static constructor.
RoslynAnalysisRunner will not be running.
RoslynAnalysisRunner has terminated.
Mono: successfully reloaded assembly
- Completed reload, in  5.504 seconds
Platform modules already initialized, skipping
Registering precompiled user dll's ...
Registered in 0.003816 seconds.
Begin MonoManager ReloadAssembly
Native extension for WindowsStandalone target not found
Refreshing native plugins compatible for Editor in 61.80 ms, found 1 plugins.
Preloading 0 native plugins for Editor in 0.00 ms.
Invoked RoslynAnalysisRunner static constructor.
RoslynAnalysisRunner will not be running.
RoslynAnalysisRunner has terminated.
Mono: successfully reloaded assembly
- Completed reload, in  1.286 seconds
Platform modules already initialized, skipping
========================================================================
Worker process is ready to serve import requests
Shader 'Universal Render Pipeline/Particles/Lit': fallback shader 'Universal Render Pipeline/Particles/SimpleLit' not found
Launched and connected shader compiler UnityShaderCompiler.exe after 0.06 seconds
Refreshing native plugins compatible for Editor in 0.49 ms, found 1 plugins.
Preloading 0 native plugins for Editor in 0.00 ms.
Unloading 2955 Unused Serialized files (Serialized files now loaded: 0)
System memory in use before: 128.5 MB.
System memory in use after: 128.6 MB.

Unloading 24 unused Assets to reduce memory usage. Loaded Objects now: 3399.
Total: 2.774500 ms (FindLiveObjects: 0.352700 ms CreateObjectMapping: 0.239900 ms MarkObjects: 2.060300 ms  DeleteObjects: 0.120500 ms)

========================================================================
Received Import Request.
  path: Assets/Sprites/Wall.png
  artifactKey: Guid(505b5b0f4cfb23042804bf729450568d) Importer(815301076,1909f56bfc062723c751e8b465ee728b)
Start importing Assets/Sprites/Wall.png using Guid(505b5b0f4cfb23042804bf729450568d) Importer(815301076,1909f56bfc062723c751e8b465ee728b)  -> (artifact id: 'c16dbdd0ea948dcb34dace44ca968293') in 0.227609 seconds
  Import took 0.235732 seconds .

========================================================================
Received Import Request.
  Time since last request: 150.491540 seconds.
  path: Assets/Sprites/Wall.png
  artifactKey: Guid(505b5b0f4cfb23042804bf729450568d) Importer(815301076,1909f56bfc062723c751e8b465ee728b)
Start importing Assets/Sprites/Wall.png using Guid(505b5b0f4cfb23042804bf729450568d) Importer(815301076,1909f56bfc062723c751e8b465ee728b)  -> (artifact id: '3f3d54aaacfa7a145f8a8624eb5ecc98') in 0.035007 seconds
  Import took 0.047809 seconds .

========================================================================
Received Import Request.
  Time since last request: 101.626737 seconds.
  path: Assets/Sprites/Wall.png
  artifactKey: Guid(505b5b0f4cfb23042804bf729450568d) Importer(815301076,1909f56bfc062723c751e8b465ee728b)
Start importing Assets/Sprites/Wall.png using Guid(505b5b0f4cfb23042804bf729450568d) Importer(815301076,1909f56bfc062723c751e8b465ee728b)  -> (artifact id: 'cc0b8d3c1b1afe0c5706c8d56a6b71a4') in 0.017817 seconds
  Import took 0.024110 seconds .

========================================================================
Received Import Request.
  Time since last request: 118.877882 seconds.
  path: Assets/Sprites/Wall.png
  artifactKey: Guid(505b5b0f4cfb23042804bf729450568d) Importer(815301076,1909f56bfc062723c751e8b465ee728b)
Start importing Assets/Sprites/Wall.png using Guid(505b5b0f4cfb23042804bf729450568d) Importer(815301076,1909f56bfc062723c751e8b465ee728b)  -> (artifact id: '0f53f7620de72a74f2fb846bcf719171') in 0.015941 seconds
  Import took 0.024597 seconds .

========================================================================
Received Import Request.
  Time since last request: 0.002342 seconds.
  path: Assets/Sprites/Wall.png
  artifactKey: Guid(505b5b0f4cfb23042804bf729450568d) Importer(815301076,1909f56bfc062723c751e8b465ee728b)
Start importing Assets/Sprites/Wall.png using Guid(505b5b0f4cfb23042804bf729450568d) Importer(815301076,1909f56bfc062723c751e8b465ee728b)  -> (artifact id: '0f53f7620de72a74f2fb846bcf719171') in 0.015960 seconds
  Import took 0.022003 seconds .

========================================================================
Received Prepare
Registering precompiled user dll's ...
Registered in 0.002677 seconds.
Begin MonoManager ReloadAssembly
Native extension for WindowsStandalone target not found
Refreshing native plugins compatible for Editor in 0.48 ms, found 1 plugins.
Preloading 0 native plugins for Editor in 0.00 ms.
Invoked RoslynAnalysisRunner static constructor.
RoslynAnalysisRunner will not be running.
RoslynAnalysisRunner has terminated.
Mono: successfully reloaded assembly
- Completed reload, in  1.140 seconds
Platform modules already initialized, skipping
Switching build target platform(5) subTarget(0) extendedPlatform(0) -> platform(13) subTarget(537395200) extendedPlatform(0)
Shader 'Universal Render Pipeline/Particles/Lit': fallback shader 'Universal Render Pipeline/Particles/SimpleLit' not found
Refreshing native plugins compatible for Editor in 0.54 ms, found 1 plugins.
Preloading 0 native plugins for Editor in 0.00 ms.
Unloading 2849 Unused Serialized files (Serialized files now loaded: 0)
System memory in use before: 125.1 MB.
System memory in use after: 125.2 MB.

Unloading 13 unused Assets to reduce memory usage. Loaded Objects now: 3409.
Total: 3.045000 ms (FindLiveObjects: 0.521300 ms CreateObjectMapping: 0.298900 ms MarkObjects: 2.106900 ms  DeleteObjects: 0.116900 ms)

AssetImportParameters requested are different than current active one (requested -> active):
  custom:graphics/normal-map-encoding: 01000000000000000000000000000000 -> 02000000000000000000000000000000
AssetImportWorkerClient::OnTransportError - code=2 error=End of file
