Using pre-set license
Built from '2020.3/staging' branch; Version is '2020.3.0f1 (c7b5465681fb) revision 13088070'; Using compiler version '192528614'; Build Type 'Release'
OS: 'Windows 10 Home; OS build 19042.1288; Version 2009; 64bit' Language: 'tr' Physical Memory: 16343 MB
BatchMode: 1, IsHumanControllingUs: 0, StartBugReporterOnCrash: 0, Is64bit: 1, IsPro: 0

 COMMAND LINE ARGUMENTS:
C:\Program Files\Unity\Hub\Editor\2020.3.0f1\Editor\Unity.exe
-adb2
-batchMode
-noUpm
-name
AssetImportWorker0
-projectPath
C:/Users/kenan/Documents/Portal Ball/Portal-Drop/Portal Drop
-logFile
Logs/AssetImportWorker0.log
-srvPort
54392
Successfully changed project path to: C:/Users/kenan/Documents/Portal Ball/Portal-Drop/Portal Drop
C:/Users/kenan/Documents/Portal Ball/Portal-Drop/Portal Drop
Using Asset Import Pipeline V2.
Refreshing native plugins compatible for Editor in 40.81 ms, found 1 plugins.
Preloading 0 native plugins for Editor in 0.00 ms.
Initialize engine version: 2020.3.0f1 (c7b5465681fb)
[Subsystems] Discovering subsystems at path C:/Program Files/Unity/Hub/Editor/2020.3.0f1/Editor/Data/Resources/UnitySubsystems
[Subsystems] Discovering subsystems at path C:/Users/kenan/Documents/Portal Ball/Portal-Drop/Portal Drop/Assets
GfxDevice: creating device client; threaded=0
Direct3D:
    Version:  Direct3D 11.0 [level 11.1]
    Renderer: NVIDIA GeForce GTX 1050 Ti (ID=0x1c82)
    Vendor:   
    VRAM:     4018 MB
    Driver:   30.0.14.7212
Initialize mono
Mono path[0] = 'C:/Program Files/Unity/Hub/Editor/2020.3.0f1/Editor/Data/Managed'
Mono path[1] = 'C:/Program Files/Unity/Hub/Editor/2020.3.0f1/Editor/Data/MonoBleedingEdge/lib/mono/unityjit'
Mono config path = 'C:/Program Files/Unity/Hub/Editor/2020.3.0f1/Editor/Data/MonoBleedingEdge/etc'
Using monoOptions --debugger-agent=transport=dt_socket,embedding=1,server=y,suspend=n,address=127.0.0.1:56600
Begin MonoManager ReloadAssembly
Registering precompiled unity dll's ...
Register platform support module: C:/Program Files/Unity/Hub/Editor/2020.3.0f1/Editor/Data/PlaybackEngines/WindowsStandaloneSupport/UnityEditor.WindowsStandalone.Extensions.dll
Registered in 0.002584 seconds.
Native extension for WindowsStandalone target not found
Refreshing native plugins compatible for Editor in 44.02 ms, found 1 plugins.
Preloading 0 native plugins for Editor in 0.00 ms.
Invoked RoslynAnalysisRunner static constructor.
RoslynAnalysisRunner will not be running.
RoslynAnalysisRunner has terminated.
Mono: successfully reloaded assembly
- Completed reload, in  3.498 seconds
Platform modules already initialized, skipping
Registering precompiled user dll's ...
Registered in 0.001002 seconds.
Begin MonoManager ReloadAssembly
Native extension for WindowsStandalone target not found
Refreshing native plugins compatible for Editor in 43.87 ms, found 1 plugins.
Preloading 0 native plugins for Editor in 0.00 ms.
Invoked RoslynAnalysisRunner static constructor.
RoslynAnalysisRunner will not be running.
RoslynAnalysisRunner has terminated.
Mono: successfully reloaded assembly
- Completed reload, in  1.240 seconds
Platform modules already initialized, skipping
========================================================================
Worker process is ready to serve import requests
Launched and connected shader compiler UnityShaderCompiler.exe after 0.06 seconds
Refreshing native plugins compatible for Editor in 0.33 ms, found 1 plugins.
Preloading 0 native plugins for Editor in 0.00 ms.
Unloading 1806 Unused Serialized files (Serialized files now loaded: 0)
System memory in use before: 84.5 MB.
System memory in use after: 84.5 MB.

Unloading 24 unused Assets to reduce memory usage. Loaded Objects now: 2248.
Total: 2.895900 ms (FindLiveObjects: 0.159900 ms CreateObjectMapping: 0.066900 ms MarkObjects: 2.432800 ms  DeleteObjects: 0.234500 ms)

========================================================================
Received Import Request.
  path: Assets/Scripts
  artifactKey: Guid(479aefbbf1be6424fba83675d3182724) Importer(815301076,1909f56bfc062723c751e8b465ee728b)
Start importing Assets/Scripts using Guid(479aefbbf1be6424fba83675d3182724) Importer(815301076,1909f56bfc062723c751e8b465ee728b)  -> (artifact id: 'cc255ed30a3acfe6bc343686dd193e0d') in 0.012201 seconds
  Import took 0.017351 seconds .

========================================================================
Received Import Request.
  Time since last request: 29.138632 seconds.
  path: Assets/New Folder
  artifactKey: Guid(fc8aea4595e9fbb45a3f61d4c4e9c34c) Importer(815301076,1909f56bfc062723c751e8b465ee728b)
Start importing Assets/New Folder using Guid(fc8aea4595e9fbb45a3f61d4c4e9c34c) Importer(815301076,1909f56bfc062723c751e8b465ee728b)  -> (artifact id: '7cd5c94d41c9915e9a77d07dc94e02f2') in 0.013098 seconds
  Import took 0.017325 seconds .

========================================================================
Received Import Request.
  Time since last request: 27.379704 seconds.
  path: Assets/Photos
  artifactKey: Guid(358853ef1b90f4e43a676e39fb4c4627) Importer(815301076,1909f56bfc062723c751e8b465ee728b)
Start importing Assets/Photos using Guid(358853ef1b90f4e43a676e39fb4c4627) Importer(815301076,1909f56bfc062723c751e8b465ee728b)  -> (artifact id: '93e1c9a7ab9131851b7387150a802135') in 0.013308 seconds
  Import took 0.019346 seconds .

========================================================================
Received Import Request.
  Time since last request: 0.000713 seconds.
  path: Assets/Photos
  artifactKey: Guid(358853ef1b90f4e43a676e39fb4c4627) Importer(815301076,1909f56bfc062723c751e8b465ee728b)
Start importing Assets/Photos using Guid(358853ef1b90f4e43a676e39fb4c4627) Importer(815301076,1909f56bfc062723c751e8b465ee728b)  -> (artifact id: '93e1c9a7ab9131851b7387150a802135') in 0.004379 seconds
  Import took 0.010256 seconds .

========================================================================
Received Import Request.
  Time since last request: 12.016892 seconds.
  path: Assets/Images
  artifactKey: Guid(358853ef1b90f4e43a676e39fb4c4627) Importer(815301076,1909f56bfc062723c751e8b465ee728b)
Start importing Assets/Images using Guid(358853ef1b90f4e43a676e39fb4c4627) Importer(815301076,1909f56bfc062723c751e8b465ee728b)  -> (artifact id: '7690168000e3fb8c59ff95fd14721398') in 0.011790 seconds
  Import took 0.018098 seconds .

AssetImportWorkerClient::OnTransportError - code=2 error=End of file
