Using pre-set license
Built from '2020.3/staging' branch; Version is '2020.3.0f1 (c7b5465681fb) revision 13088070'; Using compiler version '192528614'; Build Type 'Release'
OS: 'Windows 10 Home; OS build 19042.1288; Version 2009; 64bit' Language: 'tr' Physical Memory: 16343 MB
BatchMode: 1, IsHumanControllingUs: 0, StartBugReporterOnCrash: 0, Is64bit: 1, IsPro: 0

 COMMAND LINE ARGUMENTS:
C:\Program Files\Unity\Hub\Editor\2020.3.0f1\Editor\Unity.exe
-adb2
-batchMode
-noUpm
-name
AssetImportWorker1
-projectPath
C:/Users/kenan/Documents/Portal Drop/Portal-Drop/Portal Drop
-logFile
Logs/AssetImportWorker1.log
-srvPort
52670
Successfully changed project path to: C:/Users/kenan/Documents/Portal Drop/Portal-Drop/Portal Drop
C:/Users/kenan/Documents/Portal Drop/Portal-Drop/Portal Drop
Using Asset Import Pipeline V2.
Refreshing native plugins compatible for Editor in 344.59 ms, found 1 plugins.
Preloading 0 native plugins for Editor in 0.00 ms.
Initialize engine version: 2020.3.0f1 (c7b5465681fb)
[Subsystems] Discovering subsystems at path C:/Program Files/Unity/Hub/Editor/2020.3.0f1/Editor/Data/Resources/UnitySubsystems
[Subsystems] Discovering subsystems at path C:/Users/kenan/Documents/Portal Drop/Portal-Drop/Portal Drop/Assets
GfxDevice: creating device client; threaded=0
Direct3D:
    Version:  Direct3D 11.0 [level 11.1]
    Renderer: NVIDIA GeForce GTX 1050 Ti (ID=0x1c82)
    Vendor:   
    VRAM:     4018 MB
    Driver:   30.0.14.7212
Shader 'Universal Render Pipeline/Particles/Lit': fallback shader 'Universal Render Pipeline/Particles/SimpleLit' not found
Initialize mono
Mono path[0] = 'C:/Program Files/Unity/Hub/Editor/2020.3.0f1/Editor/Data/Managed'
Mono path[1] = 'C:/Program Files/Unity/Hub/Editor/2020.3.0f1/Editor/Data/MonoBleedingEdge/lib/mono/unityjit'
Mono config path = 'C:/Program Files/Unity/Hub/Editor/2020.3.0f1/Editor/Data/MonoBleedingEdge/etc'
Using monoOptions --debugger-agent=transport=dt_socket,embedding=1,server=y,suspend=n,address=127.0.0.1:56004
Begin MonoManager ReloadAssembly
Registering precompiled unity dll's ...
Register platform support module: C:/Program Files/Unity/Hub/Editor/2020.3.0f1/Editor/Data/PlaybackEngines/WindowsStandaloneSupport/UnityEditor.WindowsStandalone.Extensions.dll
Registered in 0.005529 seconds.
Native extension for WindowsStandalone target not found
Refreshing native plugins compatible for Editor in 386.07 ms, found 1 plugins.
Preloading 0 native plugins for Editor in 0.00 ms.
Invoked RoslynAnalysisRunner static constructor.
RoslynAnalysisRunner will not be running.
RoslynAnalysisRunner has terminated.
Mono: successfully reloaded assembly
- Completed reload, in  8.835 seconds
Platform modules already initialized, skipping
Registering precompiled user dll's ...
Registered in 0.002837 seconds.
Begin MonoManager ReloadAssembly
Native extension for WindowsStandalone target not found
Refreshing native plugins compatible for Editor in 282.23 ms, found 1 plugins.
Preloading 0 native plugins for Editor in 0.00 ms.
Invoked RoslynAnalysisRunner static constructor.
RoslynAnalysisRunner will not be running.
RoslynAnalysisRunner has terminated.
Mono: successfully reloaded assembly
- Completed reload, in  3.989 seconds
Platform modules already initialized, skipping
========================================================================
Worker process is ready to serve import requests
Shader 'Universal Render Pipeline/Particles/Lit': fallback shader 'Universal Render Pipeline/Particles/SimpleLit' not found
Launched and connected shader compiler UnityShaderCompiler.exe after 0.11 seconds
Refreshing native plugins compatible for Editor in 3.25 ms, found 1 plugins.
Preloading 0 native plugins for Editor in 0.00 ms.
Unloading 4524 Unused Serialized files (Serialized files now loaded: 0)
System memory in use before: 200.1 MB.
System memory in use after: 200.2 MB.

Unloading 47 unused Assets to reduce memory usage. Loaded Objects now: 4947.
Total: 6.147300 ms (FindLiveObjects: 0.500200 ms CreateObjectMapping: 0.311300 ms MarkObjects: 5.199700 ms  DeleteObjects: 0.134600 ms)

========================================================================
Received Import Request.
  path: Assets/Shaders/New Shader Graph.shadergraph
  artifactKey: Guid(70f12e3f46c2b7149b2bebe45369a312) Importer(815301076,1909f56bfc062723c751e8b465ee728b)
Start importing Assets/Shaders/New Shader Graph.shadergraph using Guid(70f12e3f46c2b7149b2bebe45369a312) Importer(815301076,1909f56bfc062723c751e8b465ee728b)  -> (artifact id: '62d578584d52d747bdaee02175288b4a') in 0.086596 seconds
  Import took 0.101972 seconds .

========================================================================
Received Import Request.
  Time since last request: 6.116273 seconds.
  path: Assets/Shaders/New Shader Graph.shadergraph
  artifactKey: Guid(70f12e3f46c2b7149b2bebe45369a312) Importer(815301076,1909f56bfc062723c751e8b465ee728b)
Start importing Assets/Shaders/New Shader Graph.shadergraph using Guid(70f12e3f46c2b7149b2bebe45369a312) Importer(815301076,1909f56bfc062723c751e8b465ee728b)  -> (artifact id: 'beb03d598b7a48aa606a6bd763bf85b3') in 0.040363 seconds
  Import took 0.073641 seconds .

========================================================================
Received Import Request.
  Time since last request: 5.349907 seconds.
  path: Assets/Shaders/Shader Graphs_New Shader Graph.mat
  artifactKey: Guid(b569d704c323a7740911d75848879546) Importer(815301076,1909f56bfc062723c751e8b465ee728b)
Start importing Assets/Shaders/Shader Graphs_New Shader Graph.mat using Guid(b569d704c323a7740911d75848879546) Importer(815301076,1909f56bfc062723c751e8b465ee728b)  -> (artifact id: 'feca8378552abd32528ff15fa80e4808') in 0.699854 seconds
  Import took 0.747438 seconds .

========================================================================
Received Import Request.
  Time since last request: 768.452311 seconds.
  path: Assets/Shaders/New Shader Graph.shadergraph
  artifactKey: Guid(70f12e3f46c2b7149b2bebe45369a312) Importer(815301076,1909f56bfc062723c751e8b465ee728b)
Start importing Assets/Shaders/New Shader Graph.shadergraph using Guid(70f12e3f46c2b7149b2bebe45369a312) Importer(815301076,1909f56bfc062723c751e8b465ee728b)  -> (artifact id: 'f486c379949564f2de5f651c72374e14') in 0.015839 seconds
  Import took 0.071056 seconds .

========================================================================
Received Import Request.
  Time since last request: 681.963239 seconds.
  path: Assets/Shaders/New Shader Graph.shadergraph
  artifactKey: Guid(70f12e3f46c2b7149b2bebe45369a312) Importer(815301076,1909f56bfc062723c751e8b465ee728b)
Start importing Assets/Shaders/New Shader Graph.shadergraph using Guid(70f12e3f46c2b7149b2bebe45369a312) Importer(815301076,1909f56bfc062723c751e8b465ee728b)  -> (artifact id: 'd60c8f95e8be4bc8611077ce5e6a8230') in 0.034706 seconds
  Import took 0.052621 seconds .

========================================================================
Received Import Request.
  Time since last request: 10.627386 seconds.
  path: Assets/Shaders/WallGrid.mat
  artifactKey: Guid(6a9657d5903956548bcd787fe902c1f5) Importer(815301076,1909f56bfc062723c751e8b465ee728b)
Start importing Assets/Shaders/WallGrid.mat using Guid(6a9657d5903956548bcd787fe902c1f5) Importer(815301076,1909f56bfc062723c751e8b465ee728b)  -> (artifact id: '1f5a1341c90bc81549ebad09cc6c949e') in 0.040089 seconds
  Import took 0.050522 seconds .

========================================================================
Received Import Request.
  Time since last request: 171.712203 seconds.
  path: Assets/Shaders/Square.png
  artifactKey: Guid(9c11042bc7a62794099e5c2fd13488da) Importer(815301076,1909f56bfc062723c751e8b465ee728b)
Start importing Assets/Shaders/Square.png using Guid(9c11042bc7a62794099e5c2fd13488da) Importer(815301076,1909f56bfc062723c751e8b465ee728b)  -> (artifact id: 'b9665de6e887c16f266e2fc3ea58bde4') in 0.134574 seconds
  Import took 0.150187 seconds .

========================================================================
Received Import Request.
  Time since last request: 0.000175 seconds.
  path: Assets/Shaders/WallGrid.mat
  artifactKey: Guid(6a9657d5903956548bcd787fe902c1f5) Importer(815301076,1909f56bfc062723c751e8b465ee728b)
Start importing Assets/Shaders/WallGrid.mat using Guid(6a9657d5903956548bcd787fe902c1f5) Importer(815301076,1909f56bfc062723c751e8b465ee728b)  -> (artifact id: '2889fb68ed49e447b80aad1d76611fbd') in 0.034267 seconds
  Import took 0.044728 seconds .

========================================================================
Received Import Request.
  Time since last request: 268.003392 seconds.
  path: Assets/Shaders/New Shader Graph.shadergraph
  artifactKey: Guid(70f12e3f46c2b7149b2bebe45369a312) Importer(815301076,1909f56bfc062723c751e8b465ee728b)
Start importing Assets/Shaders/New Shader Graph.shadergraph using Guid(70f12e3f46c2b7149b2bebe45369a312) Importer(815301076,1909f56bfc062723c751e8b465ee728b)  -> (artifact id: 'c94c3661b16e089dbaa5fcf5e88c2322') in 0.007436 seconds
  Import took 0.030343 seconds .

========================================================================
Received Import Request.
  Time since last request: 0.247614 seconds.
  path: Assets/Shaders/New Shader Graph.shadergraph
  artifactKey: Guid(70f12e3f46c2b7149b2bebe45369a312) Importer(815301076,1909f56bfc062723c751e8b465ee728b)
Start importing Assets/Shaders/New Shader Graph.shadergraph using Guid(70f12e3f46c2b7149b2bebe45369a312) Importer(815301076,1909f56bfc062723c751e8b465ee728b)  -> (artifact id: 'c94c3661b16e089dbaa5fcf5e88c2322') in 0.002943 seconds
  Import took 0.014652 seconds .

========================================================================
Received Import Request.
  Time since last request: 13.789986 seconds.
  path: Assets/Shaders/New Shader Graph.shadergraph
  artifactKey: Guid(70f12e3f46c2b7149b2bebe45369a312) Importer(815301076,1909f56bfc062723c751e8b465ee728b)
Start importing Assets/Shaders/New Shader Graph.shadergraph using Guid(70f12e3f46c2b7149b2bebe45369a312) Importer(815301076,1909f56bfc062723c751e8b465ee728b)  -> (artifact id: 'fd2fd79ff126dc051ae06654ababbf68') in 0.007115 seconds
  Import took 0.028639 seconds .

========================================================================
Received Import Request.
  Time since last request: 0.008131 seconds.
  path: Assets/Shaders/New Shader Graph.shadergraph
  artifactKey: Guid(70f12e3f46c2b7149b2bebe45369a312) Importer(815301076,1909f56bfc062723c751e8b465ee728b)
Start importing Assets/Shaders/New Shader Graph.shadergraph using Guid(70f12e3f46c2b7149b2bebe45369a312) Importer(815301076,1909f56bfc062723c751e8b465ee728b)  -> (artifact id: 'fd2fd79ff126dc051ae06654ababbf68') in 0.009241 seconds
  Import took 0.026202 seconds .

========================================================================
Received Import Request.
  Time since last request: 194.401252 seconds.
  path: Assets/LeanTween/Examples/Models/AdvancedExamplesText.fbx
  artifactKey: Guid(47a7c1f40f5df413fbc8bf1c01c011a2) Importer(815301076,1909f56bfc062723c751e8b465ee728b)
Start importing Assets/LeanTween/Examples/Models/AdvancedExamplesText.fbx using Guid(47a7c1f40f5df413fbc8bf1c01c011a2) Importer(815301076,1909f56bfc062723c751e8b465ee728b)  -> (artifact id: '5e11445ef2eed4b8d59d50981bf116f6') in 0.482491 seconds
  Import took 0.496635 seconds .

========================================================================
Received Import Request.
  Time since last request: 0.000263 seconds.
  path: Assets/LeanTween/Examples/Material/AlphBumps.mat
  artifactKey: Guid(12c720f1dd5674502bc1185ff99b70f9) Importer(815301076,1909f56bfc062723c751e8b465ee728b)
Start importing Assets/LeanTween/Examples/Material/AlphBumps.mat using Guid(12c720f1dd5674502bc1185ff99b70f9) Importer(815301076,1909f56bfc062723c751e8b465ee728b)  -> (artifact id: 'd86f82c8c2502d5e546f46ca97f4dd8d') in 0.040221 seconds
  Import took 0.049320 seconds .

========================================================================
Received Import Request.
  Time since last request: 0.000191 seconds.
  path: Assets/LeanTween/Examples/Prefabs/EndlessPiece.prefab
  artifactKey: Guid(9c73e0cec0a374576a4b47fbb49921d5) Importer(815301076,1909f56bfc062723c751e8b465ee728b)
Start importing Assets/LeanTween/Examples/Prefabs/EndlessPiece.prefab using Guid(9c73e0cec0a374576a4b47fbb49921d5) Importer(815301076,1909f56bfc062723c751e8b465ee728b)  -> (artifact id: 'dcfa760d9cc4f3e3bd0ede571ed42e2b') in 0.040206 seconds
  Import took 0.049719 seconds .

========================================================================
Received Import Request.
  Time since last request: 0.000181 seconds.
  path: Assets/LeanTween/Examples/Models/LeanTweenHD-Icon.fbx
  artifactKey: Guid(7d6f6aee277594029851a7cc81d550d5) Importer(815301076,1909f56bfc062723c751e8b465ee728b)
Start importing Assets/LeanTween/Examples/Models/LeanTweenHD-Icon.fbx using Guid(7d6f6aee277594029851a7cc81d550d5) Importer(815301076,1909f56bfc062723c751e8b465ee728b)  -> (artifact id: 'd61ada79001be7bafb5b495adef0e79c') in 0.104171 seconds
  Import took 0.114097 seconds .

========================================================================
Received Import Request.
  Time since last request: 0.000188 seconds.
  path: Assets/LeanTween/Examples/Material/Futoro_PlanetMaterial.mat
  artifactKey: Guid(6b98784ec692b4e00a86fa1044ad8998) Importer(815301076,1909f56bfc062723c751e8b465ee728b)
Start importing Assets/LeanTween/Examples/Material/Futoro_PlanetMaterial.mat using Guid(6b98784ec692b4e00a86fa1044ad8998) Importer(815301076,1909f56bfc062723c751e8b465ee728b)  -> (artifact id: 'dacf1151fbc43f34c66fdc6a28c4b2d1') in 0.061026 seconds
  Import took 0.070892 seconds .

========================================================================
Received Import Request.
  Time since last request: 0.000197 seconds.
  path: Assets/LeanTween/Examples/Models/LeanTween-Icon.fbx
  artifactKey: Guid(6fc4240da91ab4747a411a8313faed53) Importer(815301076,1909f56bfc062723c751e8b465ee728b)
Start importing Assets/LeanTween/Examples/Models/LeanTween-Icon.fbx using Guid(6fc4240da91ab4747a411a8313faed53) Importer(815301076,1909f56bfc062723c751e8b465ee728b)  -> (artifact id: '258b60aa4aa703845c6daf9666248c90') in 0.072625 seconds
  Import took 0.080129 seconds .

========================================================================
Received Import Request.
  Time since last request: 0.000224 seconds.
  path: Assets/LeanTween/Examples/Material/AlphaReadyMaterial.mat
  artifactKey: Guid(61731bf38a6fa4d66b536bc03fc8eb3f) Importer(815301076,1909f56bfc062723c751e8b465ee728b)
Start importing Assets/LeanTween/Examples/Material/AlphaReadyMaterial.mat using Guid(61731bf38a6fa4d66b536bc03fc8eb3f) Importer(815301076,1909f56bfc062723c751e8b465ee728b)  -> (artifact id: '71b5062e56636ec7790ea775e485dbcd') in 0.034023 seconds
  Import took 0.045193 seconds .

========================================================================
Received Import Request.
  Time since last request: 0.000175 seconds.
  path: Assets/LeanTween/Examples/Models/EndlessDrivingText.fbx
  artifactKey: Guid(6311d891eea1c406c941c23f9dfa5265) Importer(815301076,1909f56bfc062723c751e8b465ee728b)
Start importing Assets/LeanTween/Examples/Models/EndlessDrivingText.fbx using Guid(6311d891eea1c406c941c23f9dfa5265) Importer(815301076,1909f56bfc062723c751e8b465ee728b)  -> (artifact id: 'fdbb95bab51a7e75446b8d6954be7f75') in 0.058233 seconds
  Import took 0.068355 seconds .

========================================================================
Received Import Request.
  Time since last request: 0.000181 seconds.
  path: Assets/LeanTween/Examples/Prefabs/AvatarSparkles.prefab
  artifactKey: Guid(7b796b489cc4c447c91c00d4136b0e54) Importer(815301076,1909f56bfc062723c751e8b465ee728b)
Start importing Assets/LeanTween/Examples/Prefabs/AvatarSparkles.prefab using Guid(7b796b489cc4c447c91c00d4136b0e54) Importer(815301076,1909f56bfc062723c751e8b465ee728b)  -> (artifact id: 'f32317870fe31e2dd09fa777772ba48f') in 0.110550 seconds
  Import took 0.122517 seconds .

========================================================================
Received Import Request.
  Time since last request: 0.000292 seconds.
  path: Assets/LeanTween/Examples/Prefabs/Avatar2dParticles.prefab
  artifactKey: Guid(d50011a464d5f44ccbfefb117020e5cb) Importer(815301076,1909f56bfc062723c751e8b465ee728b)
Start importing Assets/LeanTween/Examples/Prefabs/Avatar2dParticles.prefab using Guid(d50011a464d5f44ccbfefb117020e5cb) Importer(815301076,1909f56bfc062723c751e8b465ee728b)  -> (artifact id: 'c301189d0081690657cf774a0bc6be91') in 0.025155 seconds
  Import took 0.039021 seconds .

========================================================================
Received Import Request.
  Time since last request: 0.004655 seconds.
  path: Assets/LeanTween/Examples/Material/DirectionalArrowMaterial.mat
  artifactKey: Guid(79809b4fc57ad41b982c1dd5ceb812b2) Importer(815301076,1909f56bfc062723c751e8b465ee728b)
Start importing Assets/LeanTween/Examples/Material/DirectionalArrowMaterial.mat using Guid(79809b4fc57ad41b982c1dd5ceb812b2) Importer(815301076,1909f56bfc062723c751e8b465ee728b)  -> (artifact id: 'c238d73272e4432b798f730f9995e4a3') in 0.038071 seconds
  Import took 0.052836 seconds .

========================================================================
Received Import Request.
  Time since last request: 0.000196 seconds.
  path: Assets/LeanTween/Examples/Prefabs/DustCloud.prefab
  artifactKey: Guid(3a6e1cb160a414c6cbe7d27b34d381a1) Importer(815301076,1909f56bfc062723c751e8b465ee728b)
Start importing Assets/LeanTween/Examples/Prefabs/DustCloud.prefab using Guid(3a6e1cb160a414c6cbe7d27b34d381a1) Importer(815301076,1909f56bfc062723c751e8b465ee728b)  -> (artifact id: '14016f69d9baf6b280131f9d23afd98e') in 0.086317 seconds
  Import took 0.094460 seconds .

========================================================================
Received Import Request.
  Time since last request: 0.000174 seconds.
  path: Assets/LeanTween/Examples/Models/DirectionalArrow.fbx
  artifactKey: Guid(d47ae0396110840289d47476d8289fbf) Importer(815301076,1909f56bfc062723c751e8b465ee728b)
Start importing Assets/LeanTween/Examples/Models/DirectionalArrow.fbx using Guid(d47ae0396110840289d47476d8289fbf) Importer(815301076,1909f56bfc062723c751e8b465ee728b)  -> (artifact id: 'd32c04367d1ba72caec5d5509e40116e') in 0.053914 seconds
  Import took 0.065230 seconds .

========================================================================
Received Import Request.
  Time since last request: 0.000192 seconds.
  path: Assets/LeanTween/Examples/Prefabs/GridLine.prefab
  artifactKey: Guid(0d9158a373e64481db63423af851bdc9) Importer(815301076,1909f56bfc062723c751e8b465ee728b)
Start importing Assets/LeanTween/Examples/Prefabs/GridLine.prefab using Guid(0d9158a373e64481db63423af851bdc9) Importer(815301076,1909f56bfc062723c751e8b465ee728b)  -> (artifact id: 'f88b1a4c9690053faee4fba119c13e1f') in 0.038055 seconds
  Import took 0.051882 seconds .

========================================================================
Received Import Request.
  Time since last request: 0.000179 seconds.
  path: Assets/LeanTween/Examples/Prefabs/AvatarAlpha.prefab
  artifactKey: Guid(6f033a1cc164a48d99c0ccbd9425d153) Importer(815301076,1909f56bfc062723c751e8b465ee728b)
Start importing Assets/LeanTween/Examples/Prefabs/AvatarAlpha.prefab using Guid(6f033a1cc164a48d99c0ccbd9425d153) Importer(815301076,1909f56bfc062723c751e8b465ee728b)  -> (artifact id: '68f44fa22a4ce58432bc8fd7a4881795') in 0.060337 seconds
  Import took 0.070972 seconds .

========================================================================
Received Import Request.
  Time since last request: 0.000252 seconds.
  path: Assets/LeanTween/Examples/Prefabs/BasicExamplesText.prefab
  artifactKey: Guid(0b4ce6f9ebfb948a58b5b05397daaaea) Importer(815301076,1909f56bfc062723c751e8b465ee728b)
Start importing Assets/LeanTween/Examples/Prefabs/BasicExamplesText.prefab using Guid(0b4ce6f9ebfb948a58b5b05397daaaea) Importer(815301076,1909f56bfc062723c751e8b465ee728b)  -> (artifact id: '2341113065e30a12bd6e02f7ae1c4997') in 0.049032 seconds
  Import took 0.059830 seconds .

========================================================================
Received Import Request.
  Time since last request: 0.000255 seconds.
  path: Assets/LeanTween/Examples/Models/ExampleFirTree.fbx
  artifactKey: Guid(26daae648a43e4db88d0a47a293d545c) Importer(815301076,1909f56bfc062723c751e8b465ee728b)
Start importing Assets/LeanTween/Examples/Models/ExampleFirTree.fbx using Guid(26daae648a43e4db88d0a47a293d545c) Importer(815301076,1909f56bfc062723c751e8b465ee728b)  -> (artifact id: 'e29aeffd6029aac5502ea545ee388f47') in 0.062487 seconds
  Import took 0.082483 seconds .

========================================================================
Received Import Request.
  Time since last request: 0.000204 seconds.
  path: Assets/LeanTween/Examples/Material/GridLines.mat
  artifactKey: Guid(9a06e258e3bf640e885048b32fdf51b7) Importer(815301076,1909f56bfc062723c751e8b465ee728b)
Start importing Assets/LeanTween/Examples/Material/GridLines.mat using Guid(9a06e258e3bf640e885048b32fdf51b7) Importer(815301076,1909f56bfc062723c751e8b465ee728b)  -> (artifact id: 'b4926529435342e58991dab2a3baea41') in 0.089376 seconds
  Import took 0.110916 seconds .

========================================================================
Received Import Request.
  Time since last request: 0.000213 seconds.
  path: Assets/LeanTween/Examples/Models/BasicExamplesText.fbx
  artifactKey: Guid(803bfbdea65eb4ebe96e481875403860) Importer(815301076,1909f56bfc062723c751e8b465ee728b)
Start importing Assets/LeanTween/Examples/Models/BasicExamplesText.fbx using Guid(803bfbdea65eb4ebe96e481875403860) Importer(815301076,1909f56bfc062723c751e8b465ee728b)  -> (artifact id: 'f613dff7150447098d3c64bf159b336c') in 0.093736 seconds
  Import took 0.109585 seconds .

========================================================================
Received Import Request.
  Time since last request: 0.000182 seconds.
  path: Assets/LeanTween/Examples/Material/FrictionLess.physicMaterial
  artifactKey: Guid(1560575207a7b4f27bcd4ab2aeb2e3a1) Importer(815301076,1909f56bfc062723c751e8b465ee728b)
Start importing Assets/LeanTween/Examples/Material/FrictionLess.physicMaterial using Guid(1560575207a7b4f27bcd4ab2aeb2e3a1) Importer(815301076,1909f56bfc062723c751e8b465ee728b)  -> (artifact id: '429bf482236ca5881265df7886999656') in 0.028144 seconds
  Import took 0.042351 seconds .

========================================================================
Received Import Request.
  Time since last request: 0.000222 seconds.
  path: Assets/LeanTween/Examples/Models/ExampleCar.fbx
  artifactKey: Guid(00046df2e01964c4cbb764131f0c85e1) Importer(815301076,1909f56bfc062723c751e8b465ee728b)
Start importing Assets/LeanTween/Examples/Models/ExampleCar.fbx using Guid(00046df2e01964c4cbb764131f0c85e1) Importer(815301076,1909f56bfc062723c751e8b465ee728b)  -> (artifact id: '22865af29e2509e1117ba8f5e64b20ff') in 0.063766 seconds
  Import took 0.074844 seconds .

========================================================================
Received Import Request.
  Time since last request: 78.373359 seconds.
  path: Assets/LeanTween/Examples/Models/Materials/SimpleAvatarAlphaBlue.mat
  artifactKey: Guid(39a7c2c726d36466a82bb11886f760e1) Importer(815301076,1909f56bfc062723c751e8b465ee728b)
Start importing Assets/LeanTween/Examples/Models/Materials/SimpleAvatarAlphaBlue.mat using Guid(39a7c2c726d36466a82bb11886f760e1) Importer(815301076,1909f56bfc062723c751e8b465ee728b)  -> (artifact id: 'ed0ff0285ae9d350a1897d42267dcc3a') in 0.040505 seconds
  Import took 0.054787 seconds .

========================================================================
Received Import Request.
  Time since last request: 0.000187 seconds.
  path: Assets/LeanTween/Examples/Material/TrailFollowMaterial.mat
  artifactKey: Guid(ff16fb4a90fe84bec9c8f29698aa0eed) Importer(815301076,1909f56bfc062723c751e8b465ee728b)
Start importing Assets/LeanTween/Examples/Material/TrailFollowMaterial.mat using Guid(ff16fb4a90fe84bec9c8f29698aa0eed) Importer(815301076,1909f56bfc062723c751e8b465ee728b)  -> (artifact id: '24715ca54bf9eda1fa846c24163cd4b2') in 0.033954 seconds
  Import took 0.044365 seconds .

========================================================================
Received Import Request.
  Time since last request: 0.000661 seconds.
  path: Assets/LeanTween/Examples/Models/Materials/SimpleAvatarSpace.mat
  artifactKey: Guid(9682c3da6d5384d098160b19ba3e02c5) Importer(815301076,1909f56bfc062723c751e8b465ee728b)
Start importing Assets/LeanTween/Examples/Models/Materials/SimpleAvatarSpace.mat using Guid(9682c3da6d5384d098160b19ba3e02c5) Importer(815301076,1909f56bfc062723c751e8b465ee728b)  -> (artifact id: '014d16a8d769f8cac94116a8e9cd9a7a') in 0.040738 seconds
  Import took 0.055983 seconds .

========================================================================
Received Import Request.
  Time since last request: 0.000189 seconds.
  path: Assets/LeanTween/Examples/Material/TrackLines.mat
  artifactKey: Guid(54538213a935248b8ac1ce7b42140cad) Importer(815301076,1909f56bfc062723c751e8b465ee728b)
Start importing Assets/LeanTween/Examples/Material/TrackLines.mat using Guid(54538213a935248b8ac1ce7b42140cad) Importer(815301076,1909f56bfc062723c751e8b465ee728b)  -> (artifact id: '8392f88c12b331111623a10cc8aad77c') in 0.081050 seconds
  Import took 0.094334 seconds .

========================================================================
Received Import Request.
  Time since last request: 0.000112 seconds.
  path: Assets/LeanTween/Examples/Material/TrackGlowMaterial.mat
  artifactKey: Guid(f99cee49392444d14b5e8c16cd41348d) Importer(815301076,1909f56bfc062723c751e8b465ee728b)
Start importing Assets/LeanTween/Examples/Material/TrackGlowMaterial.mat using Guid(f99cee49392444d14b5e8c16cd41348d) Importer(815301076,1909f56bfc062723c751e8b465ee728b)  -> (artifact id: 'd3acdce864872fd2c4d511ab66c1371c') in 0.349447 seconds
  Import took 0.361083 seconds .

========================================================================
Received Import Request.
  Time since last request: 0.000193 seconds.
  path: Assets/LeanTween/Examples/Material/SpaceLineGlowMaterial.mat
  artifactKey: Guid(4d170a8aa584240f4b18ce6a5e58ef2e) Importer(815301076,1909f56bfc062723c751e8b465ee728b)
Start importing Assets/LeanTween/Examples/Material/SpaceLineGlowMaterial.mat using Guid(4d170a8aa584240f4b18ce6a5e58ef2e) Importer(815301076,1909f56bfc062723c751e8b465ee728b)  -> (artifact id: 'd77875e3c80cf1464fbb449796cbc36d') in 0.090508 seconds
  Import took 0.102536 seconds .

========================================================================
Received Import Request.
  Time since last request: 0.000189 seconds.
  path: Assets/LeanTween/Examples/Material/TrackFollowMaterial.mat
  artifactKey: Guid(9efbdb862990242178d5b47a40b48e80) Importer(815301076,1909f56bfc062723c751e8b465ee728b)
Start importing Assets/LeanTween/Examples/Material/TrackFollowMaterial.mat using Guid(9efbdb862990242178d5b47a40b48e80) Importer(815301076,1909f56bfc062723c751e8b465ee728b)  -> (artifact id: '076b6af11f51bfee446bca0411d40bec') in 0.059148 seconds
  Import took 0.068270 seconds .

========================================================================
Received Import Request.
  Time since last request: 0.000176 seconds.
  path: Assets/LeanTween/Examples/Models/Materials/SimpleAvatarMat.mat
  artifactKey: Guid(5732f0a6e68964f3eb5c3ebb94242055) Importer(815301076,1909f56bfc062723c751e8b465ee728b)
Start importing Assets/LeanTween/Examples/Models/Materials/SimpleAvatarMat.mat using Guid(5732f0a6e68964f3eb5c3ebb94242055) Importer(815301076,1909f56bfc062723c751e8b465ee728b)  -> (artifact id: 'f7b8fbc218b86bb318dadaf9456a8346') in 0.033587 seconds
  Import took 0.043860 seconds .

========================================================================
Received Import Request.
  Time since last request: 0.000186 seconds.
  path: Assets/LeanTween/Examples/Material/TrackCar.mat
  artifactKey: Guid(3e55a11a05aa141af9f3be5e921cc003) Importer(815301076,1909f56bfc062723c751e8b465ee728b)
Start importing Assets/LeanTween/Examples/Material/TrackCar.mat using Guid(3e55a11a05aa141af9f3be5e921cc003) Importer(815301076,1909f56bfc062723c751e8b465ee728b)  -> (artifact id: '35fc5ae5cac2cb19c20ef805138d46d0') in 0.059975 seconds
  Import took 0.085138 seconds .

========================================================================
Received Import Request.
  Time since last request: 0.000172 seconds.
  path: Assets/LeanTween/Examples/Models/Materials/SubTitleText.mat
  artifactKey: Guid(33b82a22301d648c5afa1a682a259e5d) Importer(815301076,1909f56bfc062723c751e8b465ee728b)
Start importing Assets/LeanTween/Examples/Models/Materials/SubTitleText.mat using Guid(33b82a22301d648c5afa1a682a259e5d) Importer(815301076,1909f56bfc062723c751e8b465ee728b)  -> (artifact id: '3f960a2c7791aca1744edd8fc8b81d15') in 0.054938 seconds
  Import took 0.090269 seconds .

========================================================================
Received Import Request.
  Time since last request: 0.000238 seconds.
  path: Assets/LeanTween/Examples/Material/WalkingStick.mat
  artifactKey: Guid(3285d6d0bc506494b8fecba4d7aada26) Importer(815301076,1909f56bfc062723c751e8b465ee728b)
Start importing Assets/LeanTween/Examples/Material/WalkingStick.mat using Guid(3285d6d0bc506494b8fecba4d7aada26) Importer(815301076,1909f56bfc062723c751e8b465ee728b)  -> (artifact id: '60d3f4d415b9fa5a242424d713e3ba2e') in 0.105754 seconds
  Import took 0.160727 seconds .

========================================================================
Received Import Request.
  Time since last request: 0.000219 seconds.
  path: Assets/LeanTween/Examples/Models/Materials/SimpleAvatarBlue.mat
  artifactKey: Guid(e86c6ee57cd4c400ea5852025bc7b7c3) Importer(815301076,1909f56bfc062723c751e8b465ee728b)
Start importing Assets/LeanTween/Examples/Models/Materials/SimpleAvatarBlue.mat using Guid(e86c6ee57cd4c400ea5852025bc7b7c3) Importer(815301076,1909f56bfc062723c751e8b465ee728b)  -> (artifact id: '51a9a0ce369a769660d8ee8f67eaa96d') in 0.046561 seconds
  Import took 0.073674 seconds .

========================================================================
Received Import Request.
  Time since last request: 0.000216 seconds.
  path: Assets/LeanTween/Examples/Models/Materials/SimpleAvatarHat.mat
  artifactKey: Guid(894fe1d86fb5943f6a486e218bba2072) Importer(815301076,1909f56bfc062723c751e8b465ee728b)
Start importing Assets/LeanTween/Examples/Models/Materials/SimpleAvatarHat.mat using Guid(894fe1d86fb5943f6a486e218bba2072) Importer(815301076,1909f56bfc062723c751e8b465ee728b)  -> (artifact id: 'a5303928ccb17d6b540c171299204bd7') in 0.045012 seconds
  Import took 0.117833 seconds .

========================================================================
Received Import Request.
  Time since last request: 346.378483 seconds.
  path: Assets/Shaders/New Shader Graph 1.shadergraph
  artifactKey: Guid(a61fee04fb7e4f8499d594e55300c5b3) Importer(815301076,1909f56bfc062723c751e8b465ee728b)
Start importing Assets/Shaders/New Shader Graph 1.shadergraph using Guid(a61fee04fb7e4f8499d594e55300c5b3) Importer(815301076,1909f56bfc062723c751e8b465ee728b)  -> (artifact id: '8f8dec4d7af3232e57c9cbc8041ae0a8') in 0.016657 seconds
  Import took 0.035043 seconds .

========================================================================
Received Import Request.
  Time since last request: 9.112619 seconds.
  path: Assets/Shaders/Grid.shadergraph
  artifactKey: Guid(a61fee04fb7e4f8499d594e55300c5b3) Importer(815301076,1909f56bfc062723c751e8b465ee728b)
Start importing Assets/Shaders/Grid.shadergraph using Guid(a61fee04fb7e4f8499d594e55300c5b3) Importer(815301076,1909f56bfc062723c751e8b465ee728b)  -> (artifact id: '1128a694feef909e1f4cfd7a22cc5d32') in 0.013957 seconds
  Import took 0.029822 seconds .

========================================================================
Received Import Request.
  Time since last request: 100.175941 seconds.
  path: Assets/Shaders/Grid.shadergraph
  artifactKey: Guid(a61fee04fb7e4f8499d594e55300c5b3) Importer(815301076,1909f56bfc062723c751e8b465ee728b)
Start importing Assets/Shaders/Grid.shadergraph using Guid(a61fee04fb7e4f8499d594e55300c5b3) Importer(815301076,1909f56bfc062723c751e8b465ee728b)  -> (artifact id: '9586f949c18b07b9aeb40446346349ed') in 0.007105 seconds
  Import took 0.029862 seconds .

========================================================================
Received Import Request.
  Time since last request: 6.747372 seconds.
  path: Assets/Shaders/Shader Graphs_Grid.mat
  artifactKey: Guid(6c3de49beb650ba41b5f07eabf77eacf) Importer(815301076,1909f56bfc062723c751e8b465ee728b)
Start importing Assets/Shaders/Shader Graphs_Grid.mat using Guid(6c3de49beb650ba41b5f07eabf77eacf) Importer(815301076,1909f56bfc062723c751e8b465ee728b)  -> (artifact id: '7ad27fb3221a123ddfd1eb164d866fa9') in 0.032894 seconds
  Import took 0.042658 seconds .

========================================================================
Received Import Request.
  Time since last request: 0.000179 seconds.
  path: Assets/Shaders/WallGrid.mat
  artifactKey: Guid(6a9657d5903956548bcd787fe902c1f5) Importer(815301076,1909f56bfc062723c751e8b465ee728b)
Start importing Assets/Shaders/WallGrid.mat using Guid(6a9657d5903956548bcd787fe902c1f5) Importer(815301076,1909f56bfc062723c751e8b465ee728b)  -> (artifact id: '57084865391355c2df7fbcdf6394fc93') in 0.020525 seconds
  Import took 0.034484 seconds .

========================================================================
Received Import Request.
  Time since last request: 30.597349 seconds.
  path: Assets/Shaders/New Shader Graph 1.shadergraph
  artifactKey: Guid(e7938d5dcc91cec4daa0cb35d5c027f9) Importer(815301076,1909f56bfc062723c751e8b465ee728b)
Start importing Assets/Shaders/New Shader Graph 1.shadergraph using Guid(e7938d5dcc91cec4daa0cb35d5c027f9) Importer(815301076,1909f56bfc062723c751e8b465ee728b)  -> (artifact id: 'c5e129cbdb6849b08a85eb00a5f12f2d') in 0.006999 seconds
  Import took 0.019127 seconds .

========================================================================
Received Import Request.
  Time since last request: 181.543095 seconds.
  path: Assets/UniversalRenderPipelineAsset.asset
  artifactKey: Guid(db4c079531fab3a4b95448c878dd611f) Importer(815301076,1909f56bfc062723c751e8b465ee728b)
Start importing Assets/UniversalRenderPipelineAsset.asset using Guid(db4c079531fab3a4b95448c878dd611f) Importer(815301076,1909f56bfc062723c751e8b465ee728b)  -> (artifact id: '7e4eea30fd9e75a06f98b68632b59c0f') in 0.021022 seconds
  Import took 0.032477 seconds .

